0 info it worked if it ends with ok
1 verbose cli [ 'node', '/usr/local/bin/npm', 'update', 'react-router' ]
2 info using npm@2.1.6
3 info using node@v0.10.33
4 verbose node symlink /usr/local/bin/node
5 verbose mapToRegistry name react-router
6 verbose mapToRegistry uri https://registry.npmjs.org/react-router
7 verbose request on initialization, where is /react-router
8 verbose request after pass 1, where is /react-router
9 verbose request url raw /react-router
10 verbose request resolving registry [ 'https://registry.npmjs.org/', './react-router' ]
11 verbose request after pass 2, where is https://registry.npmjs.org/react-router
12 verbose request no auth needed
13 info attempt registry request try #1 at 23:55:46
14 verbose request id 0afa8a4a04c4e736
15 verbose etag "BGDTJBHNDY5FR80SY0XCNHDJK"
16 http request GET https://registry.npmjs.org/react-router
17 http 200 https://registry.npmjs.org/react-router
18 silly registry.get cb [ 200,
18 silly registry.get   { server: 'CouchDB/1.5.0 (Erlang OTP/R16B03)',
18 silly registry.get     etag: '"EY9MWNUG4QK150T1G5QSTG3SH"',
18 silly registry.get     'content-type': 'application/json',
18 silly registry.get     'cache-control': 'max-age=60',
18 silly registry.get     'content-length': '74861',
18 silly registry.get     'accept-ranges': 'bytes',
18 silly registry.get     date: 'Wed, 05 Aug 2015 18:25:47 GMT',
18 silly registry.get     via: '1.1 varnish',
18 silly registry.get     age: '59',
18 silly registry.get     connection: 'keep-alive',
18 silly registry.get     'x-served-by': 'cache-sin6923-SIN',
18 silly registry.get     'x-cache': 'HIT',
18 silly registry.get     'x-cache-hits': '2',
18 silly registry.get     'x-timer': 'S1438799147.205592,VS0,VE0',
18 silly registry.get     vary: 'Accept' } ]
19 info outdated updating [ [ '/Users/Akhil/Sites/supermario',
19 info outdated     'react-router',
19 info outdated     '0.11.6',
19 info outdated     '0.11.6',
19 info outdated     '0.13.3',
19 info outdated     '^0.11.4' ] ]
20 verbose install where, what [ '/Users/Akhil/Sites/supermario', [ 'react-router@0.11.6' ] ]
21 silly cache add args [ 'react-router@0.11.6', null ]
22 verbose cache add spec react-router@0.11.6
23 silly cache add parsed spec { raw: 'react-router@0.11.6',
23 silly cache add   scope: null,
23 silly cache add   name: 'react-router',
23 silly cache add   rawSpec: '0.11.6',
23 silly cache add   spec: '0.11.6',
23 silly cache add   type: 'version' }
24 verbose addNamed react-router@0.11.6
25 silly addNamed semver.valid 0.11.6
26 silly addNamed semver.validRange 0.11.6
27 verbose mapToRegistry name react-router
28 verbose mapToRegistry uri https://registry.npmjs.org/react-router
29 verbose addNameVersion registry:https://registry.npmjs.org/react-router not in flight; fetching
30 verbose registry.get https://registry.npmjs.org/react-router not expired, no request
31 silly cache afterAdd react-router@0.11.6
32 verbose afterAdd /Users/Akhil/.npm/react-router/0.11.6/package/package.json not in flight; writing
33 verbose afterAdd /Users/Akhil/.npm/react-router/0.11.6/package/package.json written
34 silly install resolved [ { name: 'react-router',
34 silly install resolved     version: '0.11.6',
34 silly install resolved     description: 'A complete routing library for React.js',
34 silly install resolved     main: './modules/index',
34 silly install resolved     repository:
34 silly install resolved      { type: 'git',
34 silly install resolved        url: 'https://github.com/rackt/react-router.git' },
34 silly install resolved     homepage: 'https://github.com/rackt/react-router/blob/latest/README.md',
34 silly install resolved     bugs: { url: 'https://github.com/rackt/react-router/issues' },
34 silly install resolved     directories: { example: 'examples' },
34 silly install resolved     scripts:
34 silly install resolved      { test: 'scripts/test --browsers Firefox --single-run',
34 silly install resolved        lint: 'jsxhint examples modules' },
34 silly install resolved     authors: [ 'Ryan Florence', 'Michael Jackson' ],
34 silly install resolved     license: 'MIT',
34 silly install resolved     devDependencies:
34 silly install resolved      { browserify: '4.2.3',
34 silly install resolved        'browserify-shim': '3.6.0',
34 silly install resolved        'bundle-loader': '0.5.1',
34 silly install resolved        envify: '1.2.0',
34 silly install resolved        events: '1.0.2',
34 silly install resolved        expect: '0.1.1',
34 silly install resolved        glob: '4.2.1',
34 silly install resolved        'jsx-loader': '0.12.0',
34 silly install resolved        jsxhint: '^0.8.1',
34 silly install resolved        karma: '0.12.16',
34 silly install resolved        'karma-browserify': '1.0.0',
34 silly install resolved        'karma-chrome-launcher': '0.1.4',
34 silly install resolved        'karma-cli': '0.0.4',
34 silly install resolved        'karma-firefox-launcher': '0.1.3',
34 silly install resolved        'karma-mocha': '0.1.3',
34 silly install resolved        mocha: '1.20.1',
34 silly install resolved        react: '0.12.x',
34 silly install resolved        reactify: '0.15.x',
34 silly install resolved        'rf-release': '0.4.0',
34 silly install resolved        rx: '2.3.18',
34 silly install resolved        'uglify-js': '2.4.15',
34 silly install resolved        webpack: '1.4.5',
34 silly install resolved        'webpack-dev-server': '1.6.5' },
34 silly install resolved     peerDependencies: { react: '0.12.x' },
34 silly install resolved     dependencies: { qs: '2.2.2', when: '3.4.6' },
34 silly install resolved     tags: [ 'react', 'router' ],
34 silly install resolved     keywords:
34 silly install resolved      [ 'react',
34 silly install resolved        'react-component',
34 silly install resolved        'routing',
34 silly install resolved        'route',
34 silly install resolved        'routes',
34 silly install resolved        'router' ],
34 silly install resolved     'browserify-shim': { react: 'global:React' },
34 silly install resolved     _id: 'react-router@0.11.6',
34 silly install resolved     _shasum: '93efd73f9ddd61cc8ff1cd31936797542720b5c3',
34 silly install resolved     _from: 'react-router@0.11.6',
34 silly install resolved     _npmVersion: '1.4.9',
34 silly install resolved     _npmUser: { name: 'mjackson', email: 'mjijackson@gmail.com' },
34 silly install resolved     maintainers: [ [Object], [Object] ],
34 silly install resolved     dist:
34 silly install resolved      { shasum: '93efd73f9ddd61cc8ff1cd31936797542720b5c3',
34 silly install resolved        tarball: 'http://registry.npmjs.org/react-router/-/react-router-0.11.6.tgz' },
34 silly install resolved     _resolved: 'https://registry.npmjs.org/react-router/-/react-router-0.11.6.tgz',
34 silly install resolved     readme: 'ERROR: No README data found!' } ]
35 info install react-router@0.11.6 into /Users/Akhil/Sites/supermario
36 info installOne react-router@0.11.6
37 verbose installOne of react-router to /Users/Akhil/Sites/supermario not in flight; installing
38 verbose lock using /Users/Akhil/.npm/_locks/react-router-57380fed1f187b31.lock for /Users/Akhil/Sites/supermario/node_modules/react-router
39 silly install write writing react-router 0.11.6 to /Users/Akhil/Sites/supermario/node_modules/react-router
40 silly cache addNamed cb react-router@0.11.6
41 verbose unbuild node_modules/react-router
42 info preuninstall react-router@0.11.6
43 info uninstall react-router@0.11.6
44 verbose unbuild rmStuff react-router@0.11.6 from /Users/Akhil/Sites/supermario/node_modules
45 info postuninstall react-router@0.11.6
46 verbose gentlyRm vacuuming /Users/Akhil/Sites/supermario/node_modules/react-router
47 silly gentlyRm purging /Users/Akhil/Sites/supermario/node_modules/react-router
48 silly gentlyRm quitting because other entries in /Users/Akhil/Sites/supermario/node_modules
49 verbose tar unpack /Users/Akhil/.npm/react-router/0.11.6/package.tgz
50 verbose tar unpacking to /Users/Akhil/Sites/supermario/node_modules/react-router
51 verbose gentlyRm vacuuming /Users/Akhil/Sites/supermario/node_modules/react-router
52 silly gunzTarPerm modes [ '755', '644' ]
53 silly gunzTarPerm extractEntry package.json
54 silly gunzTarPerm extractEntry .npmignore
55 silly gunzTarPerm extractEntry README.md
56 silly gunzTarPerm extractEntry LICENSE
57 silly gunzTarPerm extractEntry .travis.yml
58 silly gunzTarPerm extractEntry CHANGELOG.md
59 silly gunzTarPerm extractEntry .jshintrc
60 silly gunzTarPerm extractEntry UPGRADE_GUIDE.md
61 silly gunzTarPerm extractEntry dist/react-router.js
62 silly gunzTarPerm extractEntry dist/react-router.min.js
63 silly gunzTarPerm extractEntry docs/api/README.md
64 silly gunzTarPerm extractEntry docs/api/Router.md
65 silly gunzTarPerm extractEntry docs/api/components/DefaultRoute.md
66 silly gunzTarPerm extractEntry docs/api/components/Link.md
67 silly gunzTarPerm extractEntry docs/api/components/NotFoundRoute.md
68 silly gunzTarPerm extractEntry docs/api/components/Redirect.md
69 silly gunzTarPerm extractEntry docs/api/components/Route.md
70 silly gunzTarPerm extractEntry docs/api/components/RouteHandler.md
71 silly gunzTarPerm extractEntry docs/api/create.md
72 silly gunzTarPerm extractEntry docs/api/misc/Location.md
73 silly gunzTarPerm extractEntry docs/api/misc/transition.md
74 silly gunzTarPerm extractEntry docs/api/mixins/Navigation.md
75 silly gunzTarPerm extractEntry docs/api/mixins/State.md
76 silly gunzTarPerm extractEntry docs/api/run.md
77 silly gunzTarPerm extractEntry docs/guides/flux.md
78 silly gunzTarPerm extractEntry docs/guides/overview.md
79 silly gunzTarPerm extractEntry docs/guides/path-matching.md
80 silly gunzTarPerm extractEntry docs/guides/server-rendering.md
81 silly gunzTarPerm extractEntry docs/guides/testing.md
82 silly gunzTarPerm extractEntry modules/index.js
83 silly gunzTarPerm extractEntry modules/__tests__/Router-test.js
84 silly gunzTarPerm extractEntry modules/__tests__/TestHandlers.js
85 silly gunzTarPerm extractEntry modules/actions/LocationActions.js
86 silly gunzTarPerm extractEntry modules/behaviors/ImitateBrowserBehavior.js
87 silly gunzTarPerm extractEntry modules/behaviors/ScrollToTopBehavior.js
88 silly gunzTarPerm modified mode [ 'modules/behaviors/ScrollToTopBehavior.js', 436, 420 ]
89 silly gunzTarPerm extractEntry modules/components/DefaultRoute.js
90 silly gunzTarPerm extractEntry modules/components/Link.js
91 silly gunzTarPerm extractEntry modules/components/NotFoundRoute.js
92 silly gunzTarPerm extractEntry modules/components/Redirect.js
93 silly gunzTarPerm extractEntry modules/components/Route.js
94 silly gunzTarPerm extractEntry modules/components/RouteHandler.js
95 silly gunzTarPerm extractEntry modules/components/__tests__/DefaultRoute-test.js
96 silly gunzTarPerm extractEntry modules/components/__tests__/Link-test.js
97 silly gunzTarPerm extractEntry modules/components/__tests__/NotFoundRoute-test.js
98 silly gunzTarPerm extractEntry modules/components/__tests__/Redirect-test.js
99 silly gunzTarPerm extractEntry modules/components/__tests__/RouteHandler-test.js
100 silly gunzTarPerm extractEntry modules/locations/HashLocation.js
101 silly gunzTarPerm extractEntry modules/locations/HistoryLocation.js
102 silly gunzTarPerm extractEntry modules/locations/RefreshLocation.js
103 silly gunzTarPerm extractEntry modules/locations/TestLocation.js
104 silly gunzTarPerm extractEntry modules/locations/__tests__/HashLocation-test.js
105 silly gunzTarPerm extractEntry modules/mixins/FakeNode.js
106 silly gunzTarPerm extractEntry modules/mixins/Navigation.js
107 silly gunzTarPerm extractEntry modules/mixins/NavigationContext.js
108 silly gunzTarPerm extractEntry modules/mixins/RouteHandler.js
109 silly gunzTarPerm extractEntry modules/mixins/Scrolling.js
110 silly gunzTarPerm extractEntry modules/mixins/State.js
111 silly gunzTarPerm extractEntry modules/mixins/StateContext.js
112 silly gunzTarPerm extractEntry modules/mixins/__tests__/State-test.js
113 silly gunzTarPerm extractEntry modules/utils/Cancellation.js
114 silly gunzTarPerm extractEntry modules/utils/Promise.js
115 silly gunzTarPerm extractEntry modules/utils/PropTypes.js
116 silly gunzTarPerm extractEntry modules/utils/Redirect.js
117 silly gunzTarPerm extractEntry modules/utils/Transition.js
118 silly gunzTarPerm extractEntry modules/utils/Path.js
119 silly gunzTarPerm extractEntry modules/utils/createRouter.js
120 silly gunzTarPerm extractEntry modules/utils/createRoutesFromChildren.js
121 silly gunzTarPerm extractEntry modules/utils/getWindowScrollPosition.js
122 silly gunzTarPerm extractEntry modules/utils/reversedArray.js
123 silly gunzTarPerm extractEntry modules/utils/runRouter.js
124 silly gunzTarPerm extractEntry modules/utils/History.js
125 silly gunzTarPerm modified mode [ 'modules/utils/History.js', 436, 420 ]
126 silly gunzTarPerm extractEntry modules/utils/supportsHistory.js
127 silly gunzTarPerm extractEntry modules/utils/__tests__/History-test.js
128 silly gunzTarPerm modified mode [ 'modules/utils/__tests__/History-test.js', 436, 420 ]
129 silly gunzTarPerm extractEntry modules/utils/__tests__/Path-test.js
130 silly gunzTarPerm extractEntry .jshintignore
131 info preinstall react-router@0.11.6
132 silly prepareForInstallMany adding qs@2.2.2 from react-router dependencies
133 silly prepareForInstallMany adding when@3.4.6 from react-router dependencies
134 silly cache add args [ 'qs@2.2.2', null ]
135 verbose cache add spec qs@2.2.2
136 silly cache add args [ 'when@3.4.6', null ]
137 verbose cache add spec when@3.4.6
138 silly cache add parsed spec { raw: 'qs@2.2.2',
138 silly cache add   scope: null,
138 silly cache add   name: 'qs',
138 silly cache add   rawSpec: '2.2.2',
138 silly cache add   spec: '2.2.2',
138 silly cache add   type: 'version' }
139 verbose addNamed qs@2.2.2
140 silly addNamed semver.valid 2.2.2
141 silly addNamed semver.validRange 2.2.2
142 verbose mapToRegistry name qs
143 verbose mapToRegistry uri https://registry.npmjs.org/qs
144 verbose addNameVersion registry:https://registry.npmjs.org/qs not in flight; fetching
145 silly cache add parsed spec { raw: 'when@3.4.6',
145 silly cache add   scope: null,
145 silly cache add   name: 'when',
145 silly cache add   rawSpec: '3.4.6',
145 silly cache add   spec: '3.4.6',
145 silly cache add   type: 'version' }
146 verbose addNamed when@3.4.6
147 silly addNamed semver.valid 3.4.6
148 silly addNamed semver.validRange 3.4.6
149 verbose mapToRegistry name when
150 verbose mapToRegistry uri https://registry.npmjs.org/when
151 verbose addNameVersion registry:https://registry.npmjs.org/when not in flight; fetching
152 verbose request on initialization, where is /qs
153 verbose request after pass 1, where is /qs
154 verbose request url raw /qs
155 verbose request resolving registry [ 'https://registry.npmjs.org/', './qs' ]
156 verbose request after pass 2, where is https://registry.npmjs.org/qs
157 verbose request no auth needed
158 info attempt registry request try #1 at 23:55:48
159 verbose etag "1878XXLQFAQNH266IZSW8DP1Q"
160 http request GET https://registry.npmjs.org/qs
161 verbose request on initialization, where is /when
162 verbose request after pass 1, where is /when
163 verbose request url raw /when
164 verbose request resolving registry [ 'https://registry.npmjs.org/', './when' ]
165 verbose request after pass 2, where is https://registry.npmjs.org/when
166 verbose request no auth needed
167 info attempt registry request try #1 at 23:55:48
168 verbose etag "EEK9P3V6M66K72H0NQ92MM6V"
169 http request GET https://registry.npmjs.org/when
170 http 200 https://registry.npmjs.org/qs
171 silly registry.get cb [ 200,
171 silly registry.get   { server: 'CouchDB/1.5.0 (Erlang OTP/R16B03)',
171 silly registry.get     etag: '"8NRKGDA2WUYMXFDQ8NHJZDXNO"',
171 silly registry.get     'content-type': 'application/json',
171 silly registry.get     'cache-control': 'max-age=60',
171 silly registry.get     'content-length': '57819',
171 silly registry.get     'accept-ranges': 'bytes',
171 silly registry.get     date: 'Wed, 05 Aug 2015 18:25:48 GMT',
171 silly registry.get     via: '1.1 varnish',
171 silly registry.get     age: '44',
171 silly registry.get     connection: 'keep-alive',
171 silly registry.get     'x-served-by': 'cache-sin6927-SIN',
171 silly registry.get     'x-cache': 'HIT',
171 silly registry.get     'x-cache-hits': '3',
171 silly registry.get     'x-timer': 'S1438799148.225369,VS0,VE0',
171 silly registry.get     vary: 'Accept' } ]
172 http 304 https://registry.npmjs.org/when
173 silly registry.get cb [ 304,
173 silly registry.get   { date: 'Wed, 05 Aug 2015 18:25:48 GMT',
173 silly registry.get     via: '1.1 varnish',
173 silly registry.get     'cache-control': 'max-age=60',
173 silly registry.get     etag: '"EEK9P3V6M66K72H0NQ92MM6V"',
173 silly registry.get     age: '0',
173 silly registry.get     connection: 'keep-alive',
173 silly registry.get     'x-served-by': 'cache-sin6924-SIN',
173 silly registry.get     'x-cache': 'HIT',
173 silly registry.get     'x-cache-hits': '1',
173 silly registry.get     'x-timer': 'S1438799148.256913,VS0,VE210',
173 silly registry.get     vary: 'Accept' } ]
174 verbose etag https://registry.npmjs.org/when from cache
175 verbose addRemoteTarball https://registry.npmjs.org/qs/-/qs-2.2.2.tgz not in flight; adding
176 verbose addRemoteTarball [ 'https://registry.npmjs.org/qs/-/qs-2.2.2.tgz',
176 verbose addRemoteTarball   'dfe783f1854b1ac2b3ade92775ad03e27e03218c' ]
177 info retry fetch attempt 1 at 23:55:49
178 info attempt registry request try #1 at 23:55:49
179 http fetch GET https://registry.npmjs.org/qs/-/qs-2.2.2.tgz
180 silly cache afterAdd when@3.4.6
181 verbose afterAdd /Users/Akhil/.npm/when/3.4.6/package/package.json not in flight; writing
182 verbose afterAdd /Users/Akhil/.npm/when/3.4.6/package/package.json written
183 http fetch 200 https://registry.npmjs.org/qs/-/qs-2.2.2.tgz
184 silly fetchAndShaCheck shasum dfe783f1854b1ac2b3ade92775ad03e27e03218c
185 verbose addTmpTarball /var/folders/_9/d8bzmbzd12s81x7chvj0fc1r0000gn/T/npm-63098-85f49382/registry.npmjs.org/qs/-/qs-2.2.2.tgz not in flight; adding
186 verbose addTmpTarball already have metadata; skipping unpack for qs@2.2.2
187 silly cache afterAdd qs@2.2.2
188 verbose afterAdd /Users/Akhil/.npm/qs/2.2.2/package/package.json not in flight; writing
189 verbose afterAdd /Users/Akhil/.npm/qs/2.2.2/package/package.json written
190 silly install resolved [ { name: 'when',
190 silly install resolved     version: '3.4.6',
190 silly install resolved     description: 'A lightweight Promises/A+ and when() implementation, plus other async goodies.',
190 silly install resolved     keywords:
190 silly install resolved      [ 'cujo',
190 silly install resolved        'Promises/A+',
190 silly install resolved        'promises-aplus',
190 silly install resolved        'promise',
190 silly install resolved        'promises',
190 silly install resolved        'deferred',
190 silly install resolved        'deferreds',
190 silly install resolved        'when',
190 silly install resolved        'async',
190 silly install resolved        'asynchronous',
190 silly install resolved        'ender' ],
190 silly install resolved     homepage: 'http://cujojs.com',
190 silly install resolved     licenses: [ [Object] ],
190 silly install resolved     repository: { type: 'git', url: 'https://github.com/cujojs/when' },
190 silly install resolved     bugs: { url: 'https://github.com/cujojs/when/issues' },
190 silly install resolved     maintainers: [ [Object] ],
190 silly install resolved     contributors: [ [Object], [Object], [Object] ],
190 silly install resolved     devDependencies:
190 silly install resolved      { 'promises-aplus-tests': '~2',
190 silly install resolved        benchmark: '~1',
190 silly install resolved        microtime: '~0',
190 silly install resolved        browserify: '~2',
190 silly install resolved        buster: '~0.7',
190 silly install resolved        jshint: '~2',
190 silly install resolved        rest: '1.1.x',
190 silly install resolved        optimist: '~0.6',
190 silly install resolved        'sauce-connect-launcher': '~0.4',
190 silly install resolved        wd: '~0.2',
190 silly install resolved        json5: '~0.2',
190 silly install resolved        poly: 'git://github.com/cujojs/poly#0.6.0' },
190 silly install resolved     main: 'when',
190 silly install resolved     ender: { files: [Object] },
190 silly install resolved     browser: { vertx: false },
190 silly install resolved     directories: { test: 'test' },
190 silly install resolved     scripts:
190 silly install resolved      { test: 'jshint . && buster-test -e node && promises-aplus-tests test/promises-aplus-adapter.js',
190 silly install resolved        'build-browser-test': 'browserify ./node_modules/poly/es5.js -o test/browser/es5.js && browserify ./test/*-test.js ./test/**/*-test.js -o test/browser/tests.js -x buster ',
190 silly install resolved        'browser-test': 'npm run build-browser-test && buster-static -e browser -p 8080',
190 silly install resolved        ci: 'npm test && node test/sauce.js',
190 silly install resolved        tunnel: 'node test/sauce.js -m',
190 silly install resolved        start: 'buster-static -e browser',
190 silly install resolved        benchmark: 'node benchmark/promise && node benchmark/map',
190 silly install resolved        'browserify-es6': 'browserify -s Promise es6-shim/Promise.browserify-es6.js --no-detect-globals -o es6-shim/Promise.js',
190 silly install resolved        browserify: 'browserify -s when build/when.browserify.js --no-detect-globals -o build/when.js',
190 silly install resolved        'browserify-debug': 'browserify -s when build/when.browserify-debug.js --no-detect-globals -o build/when.js' },
190 silly install resolved     gitHead: 'bbc391c11f628b7856a8013832aa8d679c1137cc',
190 silly install resolved     _id: 'when@3.4.6',
190 silly install resolved     _shasum: '8fbcb7cc1439d2c3a68c431f1516e6dcce9ad28c',
190 silly install resolved     _from: 'when@3.4.6',
190 silly install resolved     _npmVersion: '1.4.23',
190 silly install resolved     _npmUser: { name: 'cujojs', email: 'info@cujojs.com' },
190 silly install resolved     dist:
190 silly install resolved      { shasum: '8fbcb7cc1439d2c3a68c431f1516e6dcce9ad28c',
190 silly install resolved        tarball: 'http://registry.npmjs.org/when/-/when-3.4.6.tgz' },
190 silly install resolved     _resolved: 'https://registry.npmjs.org/when/-/when-3.4.6.tgz',
190 silly install resolved     readme: 'ERROR: No README data found!' },
190 silly install resolved   { name: 'qs',
190 silly install resolved     version: '2.2.2',
190 silly install resolved     description: 'A querystring parser that supports nesting and arrays, with a depth limit',
190 silly install resolved     homepage: 'https://github.com/hapijs/qs',
190 silly install resolved     main: 'index.js',
190 silly install resolved     dependencies: {},
190 silly install resolved     devDependencies: { lab: '3.x.x' },
190 silly install resolved     scripts: { test: 'make test-cov' },
190 silly install resolved     repository: { type: 'git', url: 'https://github.com/hapijs/qs.git' },
190 silly install resolved     keywords: [ 'querystring', 'qs' ],
190 silly install resolved     author: { name: 'Nathan LaFreniere', email: 'quitlahok@gmail.com' },
190 silly install resolved     licenses: [ [Object] ],
190 silly install resolved     gitHead: '062bedcc77df310ecb7be43e69fcd0df0c87b46c',
190 silly install resolved     bugs: { url: 'https://github.com/hapijs/qs/issues' },
190 silly install resolved     _id: 'qs@2.2.2',
190 silly install resolved     _shasum: 'dfe783f1854b1ac2b3ade92775ad03e27e03218c',
190 silly install resolved     _from: 'qs@2.2.2',
190 silly install resolved     _npmVersion: '1.4.23',
190 silly install resolved     _npmUser: { name: 'nlf', email: 'quitlahok@gmail.com' },
190 silly install resolved     maintainers: [ [Object], [Object] ],
190 silly install resolved     dist:
190 silly install resolved      { shasum: 'dfe783f1854b1ac2b3ade92775ad03e27e03218c',
190 silly install resolved        tarball: 'http://registry.npmjs.org/qs/-/qs-2.2.2.tgz' },
190 silly install resolved     directories: {},
190 silly install resolved     _resolved: 'https://registry.npmjs.org/qs/-/qs-2.2.2.tgz' } ]
191 info install when@3.4.6 into /Users/Akhil/Sites/supermario/node_modules/react-router
192 info install qs@2.2.2 into /Users/Akhil/Sites/supermario/node_modules/react-router
193 info installOne when@3.4.6
194 verbose installOne of when to /Users/Akhil/Sites/supermario/node_modules/react-router not in flight; installing
195 info installOne qs@2.2.2
196 verbose installOne of qs to /Users/Akhil/Sites/supermario/node_modules/react-router not in flight; installing
197 verbose lock using /Users/Akhil/.npm/_locks/when-8e33c28689f3c8ff.lock for /Users/Akhil/Sites/supermario/node_modules/react-router/node_modules/when
198 silly install write writing when 3.4.6 to /Users/Akhil/Sites/supermario/node_modules/react-router/node_modules/when
199 silly cache addNamed cb when@3.4.6
200 verbose unbuild node_modules/react-router/node_modules/when
201 verbose lock using /Users/Akhil/.npm/_locks/qs-4b89caeb1df25865.lock for /Users/Akhil/Sites/supermario/node_modules/react-router/node_modules/qs
202 silly install write writing qs 2.2.2 to /Users/Akhil/Sites/supermario/node_modules/react-router/node_modules/qs
203 verbose gentlyRm vacuuming /Users/Akhil/Sites/supermario/node_modules/react-router/node_modules/when
204 verbose tar unpack /Users/Akhil/.npm/when/3.4.6/package.tgz
205 verbose tar unpacking to /Users/Akhil/Sites/supermario/node_modules/react-router/node_modules/when
206 verbose gentlyRm vacuuming /Users/Akhil/Sites/supermario/node_modules/react-router/node_modules/when
207 silly gunzTarPerm modes [ '755', '644' ]
208 silly cache addNamed cb qs@2.2.2
209 verbose unbuild node_modules/react-router/node_modules/qs
210 verbose gentlyRm vacuuming /Users/Akhil/Sites/supermario/node_modules/react-router/node_modules/qs
211 silly gunzTarPerm extractEntry package.json
212 verbose tar unpack /Users/Akhil/.npm/qs/2.2.2/package.tgz
213 verbose tar unpacking to /Users/Akhil/Sites/supermario/node_modules/react-router/node_modules/qs
214 verbose gentlyRm vacuuming /Users/Akhil/Sites/supermario/node_modules/react-router/node_modules/qs
215 silly gunzTarPerm modes [ '755', '644' ]
216 silly gunzTarPerm extractEntry README.md
217 silly gunzTarPerm extractEntry poll.js
218 silly gunzTarPerm extractEntry package.json
219 silly gunzTarPerm extractEntry .npmignore
220 silly gunzTarPerm extractEntry README.md
221 silly gunzTarPerm extractEntry pipeline.js
222 silly gunzTarPerm extractEntry parallel.js
223 silly gunzTarPerm extractEntry LICENSE
224 silly gunzTarPerm extractEntry index.js
225 silly gunzTarPerm extractEntry node.js
226 silly gunzTarPerm extractEntry monitor.js
227 silly gunzTarPerm extractEntry keys.js
228 silly gunzTarPerm extractEntry guard.js
229 silly gunzTarPerm extractEntry callbacks.js
230 silly gunzTarPerm extractEntry sequence.js
231 silly gunzTarPerm extractEntry cancelable.js
232 silly gunzTarPerm extractEntry timeout.js
233 silly gunzTarPerm extractEntry delay.js
234 silly gunzTarPerm extractEntry unfold.js
235 silly gunzTarPerm extractEntry when.js
236 silly gunzTarPerm extractEntry generator.js
237 silly gunzTarPerm extractEntry function.js
238 silly gunzTarPerm extractEntry es6-shim/README.md
239 silly gunzTarPerm extractEntry es6-shim/Promise.browserify-es6.js
240 silly gunzTarPerm extractEntry es6-shim/Promise.js
241 silly gunzTarPerm extractEntry lib/Promise.js
242 silly gunzTarPerm extractEntry lib/Queue.js
243 silly gunzTarPerm extractEntry lib/Scheduler.js
244 silly gunzTarPerm extractEntry lib/TimeoutError.js
245 silly gunzTarPerm extractEntry lib/async.js
246 silly gunzTarPerm extractEntry lib/liftAll.js
247 silly gunzTarPerm extractEntry lib/makePromise.js
248 silly gunzTarPerm extractEntry lib/timer.js
249 silly gunzTarPerm extractEntry lib/decorators/array.js
250 silly gunzTarPerm extractEntry lib/decorators/flow.js
251 silly gunzTarPerm extractEntry lib/decorators/fold.js
252 silly gunzTarPerm extractEntry lib/decorators/inspect.js
253 silly gunzTarPerm extractEntry lib/decorators/iterate.js
254 silly gunzTarPerm extractEntry lib/decorators/progress.js
255 silly gunzTarPerm extractEntry lib/decorators/timed.js
256 silly gunzTarPerm extractEntry lib/decorators/unhandledRejection.js
257 silly gunzTarPerm extractEntry lib/decorators/with.js
258 silly gunzTarPerm extractEntry monitor/README.md
259 silly gunzTarPerm extractEntry monitor/ConsoleReporter.js
260 silly gunzTarPerm extractEntry monitor/PromiseMonitor.js
261 silly gunzTarPerm extractEntry monitor/console.js
262 silly gunzTarPerm extractEntry monitor/error.js
263 silly gunzTarPerm extractEntry node/function.js
264 silly gunzTarPerm extractEntry LICENSE.txt
265 silly gunzTarPerm extractEntry unfold/list.js
266 silly gunzTarPerm extractEntry Makefile
267 silly gunzTarPerm extractEntry CONTRIBUTING.md
268 silly gunzTarPerm extractEntry .jshintignore
269 silly gunzTarPerm extractEntry .jshintrc
270 silly gunzTarPerm extractEntry .travis.yml
271 silly gunzTarPerm extractEntry lib/index.js
272 silly gunzTarPerm extractEntry lib/parse.js
273 silly gunzTarPerm extractEntry lib/stringify.js
274 silly gunzTarPerm extractEntry lib/utils.js
275 silly gunzTarPerm extractEntry CHANGELOG.md
276 silly gunzTarPerm extractEntry test/parse.js
277 silly gunzTarPerm extractEntry test/stringify.js
278 info preinstall qs@2.2.2
279 silly install resolved []
280 verbose about to build /Users/Akhil/Sites/supermario/node_modules/react-router/node_modules/qs
281 info build /Users/Akhil/Sites/supermario/node_modules/react-router/node_modules/qs
282 verbose linkStuff [ false,
282 verbose linkStuff   false,
282 verbose linkStuff   false,
282 verbose linkStuff   '/Users/Akhil/Sites/supermario/node_modules/react-router/node_modules' ]
283 info linkStuff qs@2.2.2
284 verbose linkBins qs@2.2.2
285 verbose linkMans qs@2.2.2
286 verbose rebuildBundles qs@2.2.2
287 info install qs@2.2.2
288 info postinstall qs@2.2.2
289 verbose unlock done using /Users/Akhil/.npm/_locks/qs-4b89caeb1df25865.lock for /Users/Akhil/Sites/supermario/node_modules/react-router/node_modules/qs
290 info preinstall when@3.4.6
291 silly install resolved []
292 verbose about to build /Users/Akhil/Sites/supermario/node_modules/react-router/node_modules/when
293 info build /Users/Akhil/Sites/supermario/node_modules/react-router/node_modules/when
294 verbose linkStuff [ false,
294 verbose linkStuff   false,
294 verbose linkStuff   false,
294 verbose linkStuff   '/Users/Akhil/Sites/supermario/node_modules/react-router/node_modules' ]
295 info linkStuff when@3.4.6
296 verbose linkBins when@3.4.6
297 verbose linkMans when@3.4.6
298 verbose rebuildBundles when@3.4.6
299 info install when@3.4.6
300 info postinstall when@3.4.6
301 verbose unlock done using /Users/Akhil/.npm/_locks/when-8e33c28689f3c8ff.lock for /Users/Akhil/Sites/supermario/node_modules/react-router/node_modules/when
302 verbose about to build /Users/Akhil/Sites/supermario/node_modules/react-router
303 info build /Users/Akhil/Sites/supermario/node_modules/react-router
304 verbose linkStuff [ false,
304 verbose linkStuff   false,
304 verbose linkStuff   false,
304 verbose linkStuff   '/Users/Akhil/Sites/supermario/node_modules' ]
305 info linkStuff react-router@0.11.6
306 verbose linkBins react-router@0.11.6
307 verbose linkMans react-router@0.11.6
308 verbose rebuildBundles react-router@0.11.6
309 verbose rebuildBundles [ 'qs', 'when' ]
310 info install react-router@0.11.6
311 info postinstall react-router@0.11.6
312 verbose unlock done using /Users/Akhil/.npm/_locks/react-router-57380fed1f187b31.lock for /Users/Akhil/Sites/supermario/node_modules/react-router
313 warn unmet dependency /Users/Akhil/Sites/supermario/node_modules/express/node_modules/finalhandler requires debug@'~2.1.1' but will load
313 warn unmet dependency /Users/Akhil/Sites/supermario/node_modules/express/node_modules/debug,
313 warn unmet dependency which is version 2.2.0
314 warn unmet dependency /Users/Akhil/Sites/supermario/node_modules/express/node_modules/send requires debug@'~2.1.1' but will load
314 warn unmet dependency /Users/Akhil/Sites/supermario/node_modules/express/node_modules/debug,
314 warn unmet dependency which is version 2.2.0
315 warn unmet dependency /Users/Akhil/Sites/supermario/node_modules/gulp/node_modules/liftoff/node_modules/rechoir requires resolve@'^1.1.6' but will load
315 warn unmet dependency /Users/Akhil/Sites/supermario/node_modules/gulp/node_modules/liftoff/node_modules/resolve,
315 warn unmet dependency which is version 1.1.5
316 verbose stack Error: The package react does not satisfy its siblings' peerDependencies requirements!
316 verbose stack     at /usr/local/lib/node_modules/npm/lib/install.js:103:32
316 verbose stack     at /usr/local/lib/node_modules/npm/lib/install.js:225:5
316 verbose stack     at /usr/local/lib/node_modules/npm/node_modules/read-installed/read-installed.js:138:5
316 verbose stack     at /usr/local/lib/node_modules/npm/node_modules/read-installed/read-installed.js:251:14
316 verbose stack     at cb (/usr/local/lib/node_modules/npm/node_modules/slide/lib/async-map.js:47:24)
316 verbose stack     at /usr/local/lib/node_modules/npm/node_modules/read-installed/read-installed.js:251:14
316 verbose stack     at cb (/usr/local/lib/node_modules/npm/node_modules/slide/lib/async-map.js:47:24)
316 verbose stack     at /usr/local/lib/node_modules/npm/node_modules/read-installed/read-installed.js:251:14
316 verbose stack     at cb (/usr/local/lib/node_modules/npm/node_modules/slide/lib/async-map.js:47:24)
316 verbose stack     at /usr/local/lib/node_modules/npm/node_modules/read-installed/read-installed.js:251:14
317 verbose cwd /Users/Akhil/Sites/supermario
318 error Darwin 14.4.0
319 error argv "node" "/usr/local/bin/npm" "update" "react-router"
320 error node v0.10.33
321 error npm  v2.1.6
322 error code EPEERINVALID
323 error peerinvalid The package react does not satisfy its siblings' peerDependencies requirements!
323 error peerinvalid Peer react-document-title@0.1.3 wants react@>=0.11.0
323 error peerinvalid Peer react-router@0.11.6 wants react@0.12.x
323 error peerinvalid Peer react-input-autosize@0.5.0 wants react@>=0.13.0
323 error peerinvalid Peer react-select@0.5.5 wants react@>=0.13.3
323 error peerinvalid Peer reflux@0.2.10 wants react@>=0.12.2 <0.14.0
324 verbose exit [ 1, true ]
